<?xml version="1.0" encoding="UTF-8"?>
<!-- Generated by org.testng.reporters.JUnitReportReporter -->
<testsuite hostname="DESKTOP-6UKA0IR" failures="0" tests="1" name="com.mannautomation.test.HomePageClickOnItemWithMaxPrice" time="6.812" errors="0" timestamp="2023-12-28T19:55:58 AEDT" skipped="0">
  <testcase classname="com.mannautomation.test.HomePageClickOnItemWithMaxPrice" name="findItemWithMaxPrice" time="6.812"/>
  <system-out/>
</testsuite> <!-- com.mannautomation.test.HomePageClickOnItemWithMaxPrice -->
