<?xml version="1.0" encoding="UTF-8"?>
<!-- Generated by org.testng.reporters.JUnitReportReporter -->
<testsuite hostname="DESKTOP-6UKA0IR" failures="0" tests="1" name="com.mannautomation.test.LoginTest" time="2.678" errors="0" timestamp="2023-12-28T15:05:00 AEDT" skipped="0">
  <testcase classname="com.mannautomation.test.LoginTest" name="loginWithEmailAndPassword" time="2.678"/>
  <system-out/>
</testsuite> <!-- com.mannautomation.test.LoginTest -->
