<?xml version="1.0" encoding="UTF-8"?>
<!-- Generated by org.testng.reporters.JUnitReportReporter -->
<testsuite hostname="DESKTOP-6UKA0IR" failures="0" tests="6" name="com.mannautomation.test.LoginTest" time="19.274" errors="0" timestamp="2024-01-27T13:34:58 IST" skipped="0">
  <testcase classname="com.mannautomation.test.LoginTest" name="loginWithEmailAndPassword" time="1.853"/>
  <system-out/>
  <testcase classname="com.mannautomation.test.LoginTest" name="loginWithEmailAndPassword" time="6.810"/>
  <system-out/>
  <testcase classname="com.mannautomation.test.LoginTest" name="loginWithEmailAndPassword" time="3.777"/>
  <system-out/>
  <testcase classname="com.mannautomation.test.LoginTest" name="loginWithEmailAndPassword" time="2.545"/>
  <system-out/>
  <testcase classname="com.mannautomation.test.LoginTest" name="loginWithEmailAndPassword" time="2.539"/>
  <system-out/>
  <testcase classname="com.mannautomation.test.LoginTest" name="loginWithEmailAndPassword" time="1.750"/>
  <system-out/>
</testsuite> <!-- com.mannautomation.test.LoginTest -->
