<?xml version="1.0" encoding="UTF-8"?>
<!-- Generated by org.testng.reporters.JUnitReportReporter -->
<testsuite hostname="DESKTOP-6UKA0IR" failures="0" tests="1" name="com.mannautomation.test.HomePageClickOnItemWithMaxPrice" time="3.025" errors="0" timestamp="2024-02-03T05:16:24 IST" skipped="0">
  <testcase classname="com.mannautomation.test.HomePageClickOnItemWithMaxPrice" name="findItemWithMinAndMaxPrice" time="3.025"/>
  <system-out/>
</testsuite> <!-- com.mannautomation.test.HomePageClickOnItemWithMaxPrice -->
