<?xml version="1.0" encoding="UTF-8"?>
<!-- Generated by org.testng.reporters.JUnitReportReporter -->
<testsuite hostname="DESKTOP-6UKA0IR" failures="0" tests="6" name="com.mannautomation.test.LoginTest" time="16.776" errors="0" timestamp="2024-02-03T04:53:14 IST" skipped="0">
  <testcase classname="com.mannautomation.test.LoginTest" name="loginWithEmailAndPassword" time="1.997"/>
  <system-out/>
  <testcase classname="com.mannautomation.test.LoginTest" name="loginWithEmailAndPassword" time="2.028"/>
  <system-out/>
  <testcase classname="com.mannautomation.test.LoginTest" name="loginWithEmailAndPassword" time="7.025"/>
  <system-out/>
  <testcase classname="com.mannautomation.test.LoginTest" name="loginWithEmailAndPassword" time="1.846"/>
  <system-out/>
  <testcase classname="com.mannautomation.test.LoginTest" name="loginWithEmailAndPassword" time="1.932"/>
  <system-out/>
  <testcase classname="com.mannautomation.test.LoginTest" name="loginWithEmailAndPassword" time="1.948"/>
  <system-out/>
</testsuite> <!-- com.mannautomation.test.LoginTest -->
