<?xml version="1.0" encoding="UTF-8"?>
<!-- Generated by org.testng.reporters.JUnitReportReporter -->
<testsuite hostname="DESKTOP-6UKA0IR" failures="0" tests="6" name="com.mannautomation.test.LoginTest" time="24.594" errors="0" timestamp="2024-01-31T13:32:31 IST" skipped="0">
  <testcase classname="com.mannautomation.test.LoginTest" name="loginWithEmailAndPassword" time="7.800"/>
  <system-out/>
  <testcase classname="com.mannautomation.test.LoginTest" name="loginWithEmailAndPassword" time="7.420"/>
  <system-out/>
  <testcase classname="com.mannautomation.test.LoginTest" name="loginWithEmailAndPassword" time="2.074"/>
  <system-out/>
  <testcase classname="com.mannautomation.test.LoginTest" name="loginWithEmailAndPassword" time="2.667"/>
  <system-out/>
  <testcase classname="com.mannautomation.test.LoginTest" name="loginWithEmailAndPassword" time="2.858"/>
  <system-out/>
  <testcase classname="com.mannautomation.test.LoginTest" name="loginWithEmailAndPassword" time="1.775"/>
  <system-out/>
</testsuite> <!-- com.mannautomation.test.LoginTest -->
