<?xml version="1.0" encoding="UTF-8"?>
<!-- Generated by org.testng.reporters.JUnitReportReporter -->
<testsuite hostname="DESKTOP-6UKA0IR" failures="0" tests="1" name="com.mannautomation.test.HomePageClickOnItemWithMaxPrice" time="2.832" errors="0" timestamp="2024-01-27T13:38:54 IST" skipped="0">
  <testcase classname="com.mannautomation.test.HomePageClickOnItemWithMaxPrice" name="findItemWithMaxPrice" time="2.832"/>
  <system-out/>
</testsuite> <!-- com.mannautomation.test.HomePageClickOnItemWithMaxPrice -->
