<?xml version="1.0" encoding="UTF-8"?>
<!-- Generated by org.testng.reporters.JUnitReportReporter -->
<testsuite hostname="DESKTOP-6UKA0IR" failures="0" tests="1" name="com.mannautomation.test.HomePageClickOnItemWithMaxPrice" time="7.663" errors="0" timestamp="2024-01-09T21:52:09 AEDT" skipped="0">
  <testcase classname="com.mannautomation.test.HomePageClickOnItemWithMaxPrice" name="findItemWithMaxPrice" time="7.663"/>
  <system-out/>
</testsuite> <!-- com.mannautomation.test.HomePageClickOnItemWithMaxPrice -->
